nohup: ignoring input
/home/osielgarcia/taxicuba-bot/handlers/chofer.py:190: PTBUserWarning: If 'per_message=False', 'CallbackQueryHandler' will not be tracked for every message. Read this FAQ entry to learn more about the per_* settings: https://github.com/python-telegram-bot/python-telegram-bot/wiki/Frequently-Asked-Questions#what-do-the-per_-settings-in-conversationhandler-do.
  return ConversationHandler(
/home/osielgarcia/taxicuba-bot/handlers/cliente.py:307: PTBUserWarning: If 'per_message=False', 'CallbackQueryHandler' will not be tracked for every message. Read this FAQ entry to learn more about the per_* settings: https://github.com/python-telegram-bot/python-telegram-bot/wiki/Frequently-Asked-Questions#what-do-the-per_-settings-in-conversationhandler-do.
  return ConversationHandler(
2026-03-25 12:39:24,477 - apscheduler.scheduler - INFO - Adding job tentatively -- it will be properly scheduled when the scheduler starts
2026-03-25 12:39:24,478 - apscheduler.scheduler - INFO - Adding job tentatively -- it will be properly scheduled when the scheduler starts
2026-03-25 12:39:24,478 - __main__ - INFO - Bot TaxiCuba iniciado...
2026-03-25 12:39:24,748 - httpx - INFO - HTTP Request: POST https://api.telegram.org/bot8794645189:AAHqCQU5Hr005SZ4BD7NnBPZedmcJcN5-uM/getMe "HTTP/1.1 200 OK"
2026-03-25 12:39:24,833 - httpx - INFO - HTTP Request: POST https://api.telegram.org/bot8794645189:AAHqCQU5Hr005SZ4BD7NnBPZedmcJcN5-uM/deleteWebhook "HTTP/1.1 200 OK"
2026-03-25 12:39:24,835 - apscheduler.scheduler - INFO - Added job "expirar_viajes" to job store "default"
2026-03-25 12:39:24,835 - apscheduler.scheduler - INFO - Added job "revisar_pagos" to job store "default"
2026-03-25 12:39:24,835 - apscheduler.scheduler - INFO - Scheduler started
2026-03-25 12:39:24,835 - telegram.ext.Application - INFO - Application started
2026-03-25 12:39:34,485 - apscheduler.executors.default - INFO - Running job "expirar_viajes (trigger: interval[0:05:00], next run at: 2026-03-25 12:44:34 UTC)" (scheduled at 2026-03-25 12:39:34.475818+00:00)
2026-03-25 12:39:34,488 - apscheduler.executors.default - INFO - Job "expirar_viajes (trigger: interval[0:05:00], next run at: 2026-03-25 12:44:34 UTC)" executed successfully
2026-03-25 12:39:35,094 - httpx - INFO - HTTP Request: POST https://api.telegram.org/bot8794645189:AAHqCQU5Hr005SZ4BD7NnBPZedmcJcN5-uM/getUpdates "HTTP/1.1 200 OK"
2026-03-25 12:39:45,179 - httpx - INFO - HTTP Request: POST https://api.telegram.org/bot8794645189:AAHqCQU5Hr005SZ4BD7NnBPZedmcJcN5-uM/getUpdates "HTTP/1.1 200 OK"
2026-03-25 12:39:55,264 - httpx - INFO - HTTP Request: POST https://api.telegram.org/bot8794645189:AAHqCQU5Hr005SZ4BD7NnBPZedmcJcN5-uM/getUpdates "HTTP/1.1 200 OK"
2026-03-25 12:40:05,354 - httpx - INFO - HTTP Request: POST https://api.telegram.org/bot8794645189:AAHqCQU5Hr005SZ4BD7NnBPZedmcJcN5-uM/getUpdates "HTTP/1.1 200 OK"
2026-03-25 12:40:15,440 - httpx - INFO - HTTP Request: POST https://api.telegram.org/bot8794645189:AAHqCQU5Hr005SZ4BD7NnBPZedmcJcN5-uM/getUpdates "HTTP/1.1 200 OK"
2026-03-25 12:40:24,486 - apscheduler.executors.default - INFO - Running job "revisar_pagos (trigger: interval[1 day, 0:00:00], next run at: 2026-03-26 12:40:24 UTC)" (scheduled at 2026-03-25 12:40:24.478009+00:00)
2026-03-25 12:40:24,491 - apscheduler.executors.default - INFO - Job "revisar_pagos (trigger: interval[1 day, 0:00:00], next run at: 2026-03-26 12:40:24 UTC)" executed successfully
2026-03-25 12:40:25,530 - httpx - INFO - HTTP Request: POST https://api.telegram.org/bot8794645189:AAHqCQU5Hr005SZ4BD7NnBPZedmcJcN5-uM/getUpdates "HTTP/1.1 200 OK"
2026-03-25 12:40:35,617 - httpx - INFO - HTTP Request: POST https://api.telegram.org/bot8794645189:AAHqCQU5Hr005SZ4BD7NnBPZedmcJcN5-uM/getUpdates "HTTP/1.1 200 OK"
2026-03-25 12:40:45,709 - httpx - INFO - HTTP Request: POST https://api.telegram.org/bot8794645189:AAHqCQU5Hr005SZ4BD7NnBPZedmcJcN5-uM/getUpdates "HTTP/1.1 200 OK"
2026-03-25 12:40:55,797 - httpx - INFO - HTTP Request: POST https://api.telegram.org/bot8794645189:AAHqCQU5Hr005SZ4BD7NnBPZedmcJcN5-uM/getUpdates "HTTP/1.1 200 OK"
2026-03-25 12:41:05,889 - httpx - INFO - HTTP Request: POST https://api.telegram.org/bot8794645189:AAHqCQU5Hr005SZ4BD7NnBPZedmcJcN5-uM/getUpdates "HTTP/1.1 200 OK"
2026-03-25 12:41:15,979 - httpx - INFO - HTTP Request: POST https://api.telegram.org/bot8794645189:AAHqCQU5Hr005SZ4BD7NnBPZedmcJcN5-uM/getUpdates "HTTP/1.1 200 OK"
2026-03-25 12:41:26,071 - httpx - INFO - HTTP Request: POST https://api.telegram.org/bot8794645189:AAHqCQU5Hr005SZ4BD7NnBPZedmcJcN5-uM/getUpdates "HTTP/1.1 200 OK"
2026-03-25 12:41:36,166 - httpx - INFO - HTTP Request: POST https://api.telegram.org/bot8794645189:AAHqCQU5Hr005SZ4BD7NnBPZedmcJcN5-uM/getUpdates "HTTP/1.1 200 OK"
2026-03-25 12:41:46,255 - httpx - INFO - HTTP Request: POST https://api.telegram.org/bot8794645189:AAHqCQU5Hr005SZ4BD7NnBPZedmcJcN5-uM/getUpdates "HTTP/1.1 200 OK"
2026-03-25 12:41:56,343 - httpx - INFO - HTTP Request: POST https://api.telegram.org/bot8794645189:AAHqCQU5Hr005SZ4BD7NnBPZedmcJcN5-uM/getUpdates "HTTP/1.1 200 OK"
2026-03-25 12:42:06,433 - httpx - INFO - HTTP Request: POST https://api.telegram.org/bot8794645189:AAHqCQU5Hr005SZ4BD7NnBPZedmcJcN5-uM/getUpdates "HTTP/1.1 200 OK"
2026-03-25 12:42:16,522 - httpx - INFO - HTTP Request: POST https://api.telegram.org/bot8794645189:AAHqCQU5Hr005SZ4BD7NnBPZedmcJcN5-uM/getUpdates "HTTP/1.1 200 OK"
2026-03-25 12:42:26,607 - httpx - INFO - HTTP Request: POST https://api.telegram.org/bot8794645189:AAHqCQU5Hr005SZ4BD7NnBPZedmcJcN5-uM/getUpdates "HTTP/1.1 200 OK"
2026-03-25 12:42:33,476 - httpx - INFO - HTTP Request: POST https://api.telegram.org/bot8794645189:AAHqCQU5Hr005SZ4BD7NnBPZedmcJcN5-uM/getUpdates "HTTP/1.1 200 OK"
2026-03-25 12:42:33,874 - httpx - INFO - HTTP Request: POST https://api.telegram.org/bot8794645189:AAHqCQU5Hr005SZ4BD7NnBPZedmcJcN5-uM/sendMessage "HTTP/1.1 200 OK"
2026-03-25 12:42:43,572 - httpx - INFO - HTTP Request: POST https://api.telegram.org/bot8794645189:AAHqCQU5Hr005SZ4BD7NnBPZedmcJcN5-uM/getUpdates "HTTP/1.1 200 OK"
2026-03-25 12:42:44,643 - httpx - INFO - HTTP Request: POST https://api.telegram.org/bot8794645189:AAHqCQU5Hr005SZ4BD7NnBPZedmcJcN5-uM/getUpdates "HTTP/1.1 200 OK"
2026-03-25 12:42:45,043 - httpx - INFO - HTTP Request: POST https://api.telegram.org/bot8794645189:AAHqCQU5Hr005SZ4BD7NnBPZedmcJcN5-uM/sendMessage "HTTP/1.1 200 OK"
2026-03-25 12:42:54,739 - httpx - INFO - HTTP Request: POST https://api.telegram.org/bot8794645189:AAHqCQU5Hr005SZ4BD7NnBPZedmcJcN5-uM/getUpdates "HTTP/1.1 200 OK"
2026-03-25 12:43:04,830 - httpx - INFO - HTTP Request: POST https://api.telegram.org/bot8794645189:AAHqCQU5Hr005SZ4BD7NnBPZedmcJcN5-uM/getUpdates "HTTP/1.1 200 OK"
2026-03-25 12:43:14,919 - httpx - INFO - HTTP Request: POST https://api.telegram.org/bot8794645189:AAHqCQU5Hr005SZ4BD7NnBPZedmcJcN5-uM/getUpdates "HTTP/1.1 200 OK"
2026-03-25 12:43:21,505 - httpx - INFO - HTTP Request: POST https://api.telegram.org/bot8794645189:AAHqCQU5Hr005SZ4BD7NnBPZedmcJcN5-uM/getUpdates "HTTP/1.1 200 OK"
2026-03-25 12:43:21,920 - httpx - INFO - HTTP Request: POST https://api.telegram.org/bot8794645189:AAHqCQU5Hr005SZ4BD7NnBPZedmcJcN5-uM/sendMessage "HTTP/1.1 200 OK"
2026-03-25 12:43:31,613 - httpx - INFO - HTTP Request: POST https://api.telegram.org/bot8794645189:AAHqCQU5Hr005SZ4BD7NnBPZedmcJcN5-uM/getUpdates "HTTP/1.1 200 OK"
2026-03-25 12:43:37,241 - httpx - INFO - HTTP Request: POST https://api.telegram.org/bot8794645189:AAHqCQU5Hr005SZ4BD7NnBPZedmcJcN5-uM/getUpdates "HTTP/1.1 200 OK"
2026-03-25 12:43:37,644 - httpx - INFO - HTTP Request: POST https://api.telegram.org/bot8794645189:AAHqCQU5Hr005SZ4BD7NnBPZedmcJcN5-uM/sendMessage "HTTP/1.1 200 OK"
2026-03-25 12:43:47,332 - httpx - INFO - HTTP Request: POST https://api.telegram.org/bot8794645189:AAHqCQU5Hr005SZ4BD7NnBPZedmcJcN5-uM/getUpdates "HTTP/1.1 200 OK"
2026-03-25 12:43:55,112 - httpx - INFO - HTTP Request: POST https://api.telegram.org/bot8794645189:AAHqCQU5Hr005SZ4BD7NnBPZedmcJcN5-uM/getUpdates "HTTP/1.1 200 OK"
2026-03-25 12:43:55,528 - httpx - INFO - HTTP Request: POST https://api.telegram.org/bot8794645189:AAHqCQU5Hr005SZ4BD7NnBPZedmcJcN5-uM/sendMessage "HTTP/1.1 200 OK"
2026-03-25 12:44:05,218 - httpx - INFO - HTTP Request: POST https://api.telegram.org/bot8794645189:AAHqCQU5Hr005SZ4BD7NnBPZedmcJcN5-uM/getUpdates "HTTP/1.1 200 OK"
2026-03-25 12:44:15,312 - httpx - INFO - HTTP Request: POST https://api.telegram.org/bot8794645189:AAHqCQU5Hr005SZ4BD7NnBPZedmcJcN5-uM/getUpdates "HTTP/1.1 200 OK"
2026-03-25 12:44:25,397 - httpx - INFO - HTTP Request: POST https://api.telegram.org/bot8794645189:AAHqCQU5Hr005SZ4BD7NnBPZedmcJcN5-uM/getUpdates "HTTP/1.1 200 OK"
2026-03-25 12:44:34,485 - apscheduler.executors.default - INFO - Running job "expirar_viajes (trigger: interval[0:05:00], next run at: 2026-03-25 12:49:34 UTC)" (scheduled at 2026-03-25 12:44:34.475818+00:00)
2026-03-25 12:44:34,489 - apscheduler.executors.default - INFO - Job "expirar_viajes (trigger: interval[0:05:00], next run at: 2026-03-25 12:49:34 UTC)" executed successfully
2026-03-25 12:44:35,490 - httpx - INFO - HTTP Request: POST https://api.telegram.org/bot8794645189:AAHqCQU5Hr005SZ4BD7NnBPZedmcJcN5-uM/getUpdates "HTTP/1.1 200 OK"
2026-03-25 12:44:45,575 - httpx - INFO - HTTP Request: POST https://api.telegram.org/bot8794645189:AAHqCQU5Hr005SZ4BD7NnBPZedmcJcN5-uM/getUpdates "HTTP/1.1 200 OK"
2026-03-25 12:44:55,662 - httpx - INFO - HTTP Request: POST https://api.telegram.org/bot8794645189:AAHqCQU5Hr005SZ4BD7NnBPZedmcJcN5-uM/getUpdates "HTTP/1.1 200 OK"
2026-03-25 12:45:05,752 - httpx - INFO - HTTP Request: POST https://api.telegram.org/bot8794645189:AAHqCQU5Hr005SZ4BD7NnBPZedmcJcN5-uM/getUpdates "HTTP/1.1 200 OK"
2026-03-25 12:45:15,847 - httpx - INFO - HTTP Request: POST https://api.telegram.org/bot8794645189:AAHqCQU5Hr005SZ4BD7NnBPZedmcJcN5-uM/getUpdates "HTTP/1.1 200 OK"
2026-03-25 12:45:25,933 - httpx - INFO - HTTP Request: POST https://api.telegram.org/bot8794645189:AAHqCQU5Hr005SZ4BD7NnBPZedmcJcN5-uM/getUpdates "HTTP/1.1 200 OK"
2026-03-25 12:45:36,021 - httpx - INFO - HTTP Request: POST https://api.telegram.org/bot8794645189:AAHqCQU5Hr005SZ4BD7NnBPZedmcJcN5-uM/getUpdates "HTTP/1.1 200 OK"
2026-03-25 12:45:46,117 - httpx - INFO - HTTP Request: POST https://api.telegram.org/bot8794645189:AAHqCQU5Hr005SZ4BD7NnBPZedmcJcN5-uM/getUpdates "HTTP/1.1 200 OK"
2026-03-25 12:45:56,206 - httpx - INFO - HTTP Request: POST https://api.telegram.org/bot8794645189:AAHqCQU5Hr005SZ4BD7NnBPZedmcJcN5-uM/getUpdates "HTTP/1.1 200 OK"
2026-03-25 12:46:06,295 - httpx - INFO - HTTP Request: POST https://api.telegram.org/bot8794645189:AAHqCQU5Hr005SZ4BD7NnBPZedmcJcN5-uM/getUpdates "HTTP/1.1 200 OK"
2026-03-25 12:46:16,379 - httpx - INFO - HTTP Request: POST https://api.telegram.org/bot8794645189:AAHqCQU5Hr005SZ4BD7NnBPZedmcJcN5-uM/getUpdates "HTTP/1.1 200 OK"
2026-03-25 12:46:26,469 - httpx - INFO - HTTP Request: POST https://api.telegram.org/bot8794645189:AAHqCQU5Hr005SZ4BD7NnBPZedmcJcN5-uM/getUpdates "HTTP/1.1 200 OK"
2026-03-25 12:46:36,554 - httpx - INFO - HTTP Request: POST https://api.telegram.org/bot8794645189:AAHqCQU5Hr005SZ4BD7NnBPZedmcJcN5-uM/getUpdates "HTTP/1.1 200 OK"
2026-03-25 12:46:46,643 - httpx - INFO - HTTP Request: POST https://api.telegram.org/bot8794645189:AAHqCQU5Hr005SZ4BD7NnBPZedmcJcN5-uM/getUpdates "HTTP/1.1 200 OK"
2026-03-25 12:46:56,735 - httpx - INFO - HTTP Request: POST https://api.telegram.org/bot8794645189:AAHqCQU5Hr005SZ4BD7NnBPZedmcJcN5-uM/getUpdates "HTTP/1.1 200 OK"
2026-03-25 12:47:06,823 - httpx - INFO - HTTP Request: POST https://api.telegram.org/bot8794645189:AAHqCQU5Hr005SZ4BD7NnBPZedmcJcN5-uM/getUpdates "HTTP/1.1 200 OK"
2026-03-25 12:47:16,914 - httpx - INFO - HTTP Request: POST https://api.telegram.org/bot8794645189:AAHqCQU5Hr005SZ4BD7NnBPZedmcJcN5-uM/getUpdates "HTTP/1.1 200 OK"
2026-03-25 12:47:27,013 - httpx - INFO - HTTP Request: POST https://api.telegram.org/bot8794645189:AAHqCQU5Hr005SZ4BD7NnBPZedmcJcN5-uM/getUpdates "HTTP/1.1 200 OK"
2026-03-25 12:47:37,105 - httpx - INFO - HTTP Request: POST https://api.telegram.org/bot8794645189:AAHqCQU5Hr005SZ4BD7NnBPZedmcJcN5-uM/getUpdates "HTTP/1.1 200 OK"
2026-03-25 12:47:47,192 - httpx - INFO - HTTP Request: POST https://api.telegram.org/bot8794645189:AAHqCQU5Hr005SZ4BD7NnBPZedmcJcN5-uM/getUpdates "HTTP/1.1 200 OK"
2026-03-25 12:47:57,282 - httpx - INFO - HTTP Request: POST https://api.telegram.org/bot8794645189:AAHqCQU5Hr005SZ4BD7NnBPZedmcJcN5-uM/getUpdates "HTTP/1.1 200 OK"
2026-03-25 12:48:07,377 - httpx - INFO - HTTP Request: POST https://api.telegram.org/bot8794645189:AAHqCQU5Hr005SZ4BD7NnBPZedmcJcN5-uM/getUpdates "HTTP/1.1 200 OK"
2026-03-25 12:48:17,466 - httpx - INFO - HTTP Request: POST https://api.telegram.org/bot8794645189:AAHqCQU5Hr005SZ4BD7NnBPZedmcJcN5-uM/getUpdates "HTTP/1.1 200 OK"
2026-03-25 12:48:27,558 - httpx - INFO - HTTP Request: POST https://api.telegram.org/bot8794645189:AAHqCQU5Hr005SZ4BD7NnBPZedmcJcN5-uM/getUpdates "HTTP/1.1 200 OK"
2026-03-25 12:48:37,647 - httpx - INFO - HTTP Request: POST https://api.telegram.org/bot8794645189:AAHqCQU5Hr005SZ4BD7NnBPZedmcJcN5-uM/getUpdates "HTTP/1.1 200 OK"
